<?xml version="1.0" encoding="UTF-8"?>
<!-- Generated by org.testng.reporters.JUnitReportReporter -->
<testsuite skipped="0" hostname="DESKTOP-PQILN7A" name="tests.TestHelp" tests="2" failures="0" timestamp="30 Apr 2020 16:14:38 GMT" time="16.312" errors="0">
  <testcase name="testHelpWindow" time="5.004" classname="tests.TestHelp"/>
  <testcase name="testHelpPage" time="11.308" classname="tests.TestHelp"/>
</testsuite> <!-- tests.TestHelp -->
