<?xml version="1.0" encoding="UTF-8"?>
<!-- Generated by org.testng.reporters.JUnitReportReporter -->
<testsuite skipped="0" hostname="DESKTOP-PQILN7A" name="tests.TestMen" tests="1" failures="0" timestamp="30 Apr 2020 15:38:21 GMT" time="17.241" errors="0">
  <testcase name="testChinosPant" time="17.241" classname="tests.TestMen"/>
</testsuite> <!-- tests.TestMen -->
