<?xml version="1.0" encoding="UTF-8"?>
<!-- Generated by org.testng.reporters.JUnitReportReporter -->
<testsuite skipped="0" hostname="DESKTOP-PQILN7A" name="base.TestBase" tests="1" failures="0" timestamp="21 Apr 2020 18:28:22 GMT" time="0.024" errors="0">
  <testcase name="test" time="0.024" classname="base.TestBase"/>
</testsuite> <!-- base.TestBase -->
