<?xml version="1.0" encoding="UTF-8"?>
<!-- Generated by org.testng.reporters.JUnitReportReporter -->
<testsuite skipped="0" hostname="DESKTOP-PQILN7A" name="tests.TestLoginFeature" tests="1" failures="0" timestamp="02 May 2020 05:27:25 GMT" time="21.989" errors="0">
  <testcase name="testWithLogin" time="21.989" classname="tests.TestLoginFeature"/>
</testsuite> <!-- tests.TestLoginFeature -->
